<?xml version="1.0" encoding="UTF-8"?>
<testng-results ignored="0" total="1" passed="1" failed="0" skipped="0">
  <reporter-output>
  </reporter-output>
  <suite started-at="2023-12-15T22:17:05 IST" name="Default suite" finished-at="2023-12-15T22:17:16 IST" duration-ms="10587">
    <groups>
    </groups>
    <test started-at="2023-12-15T22:17:05 IST" name="Default test" finished-at="2023-12-15T22:17:16 IST" duration-ms="10587">
      <class name="SeleniumTraining.WebAppTesting.WindowHandlers">
        <test-method signature="windowHandler()[pri:0, instance:SeleniumTraining.WebAppTesting.WindowHandlers@506ae4d4]" started-at="2023-12-15T22:17:05 IST" name="windowHandler" finished-at="2023-12-15T22:17:16 IST" duration-ms="10496" status="PASS">
          <reporter-output>
          </reporter-output>
        </test-method> <!-- windowHandler -->
      </class> <!-- SeleniumTraining.WebAppTesting.WindowHandlers -->
    </test> <!-- Default test -->
  </suite> <!-- Default suite -->
</testng-results>
